-- Build Type: Debug
-- Build Flags: -g -march=native -Werror -Wall -Wextra -fsanitize=address,undefined
-- Using 32 byte integers
-- Using double precision floating point
-- Using double precision floats
-- Long integers (64bit) are OFF
-- Static library build is ON
-- Shared library build is ON
-- Demo executable build is ON
-- Unit testing suite build is OFF
-- Configuring done
-- Generating done
-- Build files have been written to: /home/govind/Desktop/git/qcos/build/googletest-download
[ 11%] Performing update step for 'googletest'
[ 22%] No patch step for 'googletest'
[ 33%] No configure step for 'googletest'
[ 44%] No build step for 'googletest'
[ 55%] No install step for 'googletest'
[ 66%] No test step for 'googletest'
[ 77%] Completed 'googletest'
[100%] Built target googletest
-- Test Build Type: Debug
-- Test Build Flags: -g -march=native -Werror -Wall -Wextra -fsanitize=address,undefined
-- Configuring done
-- Generating done
-- Build files have been written to: /home/govind/Desktop/git/qcos/build
Consolidate compiler generated dependencies of target qdldl
[  3%] Built target qdldl
Consolidate compiler generated dependencies of target qcoslib
[ 21%] Built target qcoslib
Consolidate compiler generated dependencies of target qdldlobject
[ 23%] Built target qdldlobject
Consolidate compiler generated dependencies of target qdldlstatic
[ 26%] Built target qdldlstatic
Consolidate compiler generated dependencies of target qdldl_example
[ 30%] Built target qdldl_example
Consolidate compiler generated dependencies of target gtest
[ 34%] Built target gtest
Consolidate compiler generated dependencies of target gmock
[ 38%] Built target gmock
Consolidate compiler generated dependencies of target gmock_main
[ 42%] Built target gmock_main
Consolidate compiler generated dependencies of target gtest_main
[ 46%] Built target gtest_main
Consolidate compiler generated dependencies of target missing_constraints_test
[ 53%] Built target missing_constraints_test
Consolidate compiler generated dependencies of target simple_socp_test
[ 61%] Built target simple_socp_test
Consolidate compiler generated dependencies of target cone_test
[ 69%] Built target cone_test
Consolidate compiler generated dependencies of target input_validation_test
[ 76%] Built target input_validation_test
Consolidate compiler generated dependencies of target kkt_test
[ 84%] Built target kkt_test
Consolidate compiler generated dependencies of target linalg_test
[ 92%] Built target linalg_test
Consolidate compiler generated dependencies of target double_integrator_test
[100%] Built target double_integrator_test
UpdateCTestConfiguration  from :/home/govind/Desktop/git/qcos/build/DartConfiguration.tcl
UpdateCTestConfiguration  from :/home/govind/Desktop/git/qcos/build/DartConfiguration.tcl
Test project /home/govind/Desktop/git/qcos/build
Constructing a list of tests
Done constructing a list of tests
Updating test list for fixtures
Added 0 tests to meet fixture requirements
Checking test dependency graph...
Checking test dependency graph end
test 1
    Start 1: missing_constraints_test

1: Test command: /home/govind/Desktop/git/qcos/build/tests/missing_constraints_test
1: Working Directory: /home/govind/Desktop/git/qcos/build/tests
1: Test timeout computed to be: 10000000
1: [==========] Running 5 tests from 1 test case.
1: [----------] Global test environment set-up.
1: [----------] 5 tests from missing_constraints_test
1: [ RUN      ] missing_constraints_test.no_soc_constraints
1: 
1: +-----------------------------------------------------------------------------------+
1: |          ..:: QCOS - Quadratic Objective Conic Optimization Solver ::..           |
1: |                            (c) Govind M. Chari, 2024                              |
1: |                 University of Washington Autonomous Controls Lab                  |
1: +--------+-----------+------------+------------+------------+-----------+-----------+
1: |  Iter  |   Pcost   |    Pres    |    Dres    |     Gap    |     Mu    |    Step   |
1: +--------+-----------+------------+------------+------------+-----------+-----------+
1: |   1    | -2.48e+00 | +1.857e+00 | +1.750e+00 | +3.085e+00 | +2.75e+00 |   0.781   |
1: +--------+-----------+------------+------------+------------+-----------+-----------+
1: |   2    | +8.16e-01 | +4.062e-01 | +3.828e-01 | +2.557e+00 | +5.59e-01 |   0.969   |
1: +--------+-----------+------------+------------+------------+-----------+-----------+
1: |   3    | +4.80e+00 | +1.270e-02 | +1.196e-02 | +2.788e-01 | +8.30e-02 |   0.969   |
1: +--------+-----------+------------+------------+------------+-----------+-----------+
1: |   4    | +4.80e+00 | +3.967e-04 | +3.738e-04 | +2.114e-02 | +4.62e-03 |   0.969   |
1: +--------+-----------+------------+------------+------------+-----------+-----------+
1: |   5    | +4.80e+00 | +1.240e-05 | +1.168e-05 | +8.102e-04 | +1.69e-04 |   0.969   |
1: +--------+-----------+------------+------------+------------+-----------+-----------+
1: |   6    | +4.80e+00 | +3.874e-07 | +3.651e-07 | +2.530e-05 | +5.28e-06 |   0.969   |
1: +--------+-----------+------------+------------+------------+-----------+-----------+
1: |   7    | +4.80e+00 | +1.211e-08 | +1.141e-08 | +7.914e-07 | +1.65e-07 |   0.969   |
1: +--------+-----------+------------+------------+------------+-----------+-----------+
1: 
1: status:                solved
1: number of iterations:  7
1: optimal objective:     +4.800
1: solve time:            1.88e-04 sec
1: 
1: [       OK ] missing_constraints_test.no_soc_constraints (0 ms)
1: [ RUN      ] missing_constraints_test.no_ineq_constraints
1: 
1: +-----------------------------------------------------------------------------------+
1: |          ..:: QCOS - Quadratic Objective Conic Optimization Solver ::..           |
1: |                            (c) Govind M. Chari, 2024                              |
1: |                 University of Washington Autonomous Controls Lab                  |
1: +--------+-----------+------------+------------+------------+-----------+-----------+
1: |  Iter  |   Pcost   |    Pres    |    Dres    |     Gap    |     Mu    |    Step   |
1: +--------+-----------+------------+------------+------------+-----------+-----------+
1: 
1: status:                solved
1: number of iterations:  0
1: optimal objective:     -2.700
1: solve time:            1.51e-05 sec
1: 
1: [       OK ] missing_constraints_test.no_ineq_constraints (0 ms)
1: [ RUN      ] missing_constraints_test.no_eq_constraints
1: 
1: +-----------------------------------------------------------------------------------+
1: |          ..:: QCOS - Quadratic Objective Conic Optimization Solver ::..           |
1: |                            (c) Govind M. Chari, 2024                              |
1: |                 University of Washington Autonomous Controls Lab                  |
1: +--------+-----------+------------+------------+------------+-----------+-----------+
1: |  Iter  |   Pcost   |    Pres    |    Dres    |     Gap    |     Mu    |    Step   |
1: +--------+-----------+------------+------------+------------+-----------+-----------+
1: |   1    | -9.96e+00 | +2.995e+00 | +1.395e+00 | +3.326e+00 | +2.96e+00 |   0.844   |
1: +--------+-----------+------------+------------+------------+-----------+-----------+
1: |   2    | -3.31e+00 | +4.680e-01 | +2.180e-01 | +2.029e+00 | +5.39e-01 |   0.969   |
1: +--------+-----------+------------+------------+------------+-----------+-----------+
1: |   3    | -7.51e-01 | +1.463e-02 | +6.814e-03 | +5.741e-02 | +3.87e-02 |   0.969   |
1: +--------+-----------+------------+------------+------------+-----------+-----------+
1: |   4    | -7.57e-01 | +4.571e-04 | +2.129e-04 | +2.844e-03 | +1.37e-03 |   0.969   |
1: +--------+-----------+------------+------------+------------+-----------+-----------+
1: |   5    | -7.58e-01 | +1.428e-05 | +6.654e-06 | +9.056e-05 | +4.31e-05 |   0.969   |
1: +--------+-----------+------------+------------+------------+-----------+-----------+
1: |   6    | -7.58e-01 | +4.464e-07 | +2.079e-07 | +3.081e-06 | +1.39e-06 |   0.969   |
1: +--------+-----------+------------+------------+------------+-----------+-----------+
1: 
1: status:                solved
1: number of iterations:  6
1: optimal objective:     -0.758
1: solve time:            1.57e-04 sec
1: 
1: [       OK ] missing_constraints_test.no_eq_constraints (1 ms)
1: [ RUN      ] missing_constraints_test.no_constraints
1: 
1: +-----------------------------------------------------------------------------------+
1: |          ..:: QCOS - Quadratic Objective Conic Optimization Solver ::..           |
1: |                            (c) Govind M. Chari, 2024                              |
1: |                 University of Washington Autonomous Controls Lab                  |
1: +--------+-----------+------------+------------+------------+-----------+-----------+
1: |  Iter  |   Pcost   |    Pres    |    Dres    |     Gap    |     Mu    |    Step   |
1: +--------+-----------+------------+------------+------------+-----------+-----------+
1: 
1: status:                solved
1: number of iterations:  0
1: optimal objective:     -10.500
1: solve time:            7.46e-06 sec
1: 
1: [       OK ] missing_constraints_test.no_constraints (0 ms)
1: [ RUN      ] missing_constraints_test.lp_test_no_P
1: 
1: +-----------------------------------------------------------------------------------+
1: |          ..:: QCOS - Quadratic Objective Conic Optimization Solver ::..           |
1: |                            (c) Govind M. Chari, 2024                              |
1: |                 University of Washington Autonomous Controls Lab                  |
1: +--------+-----------+------------+------------+------------+-----------+-----------+
1: |  Iter  |   Pcost   |    Pres    |    Dres    |     Gap    |     Mu    |    Step   |
1: +--------+-----------+------------+------------+------------+-----------+-----------+
1: |   1    | -3.00e+00 | +1.667e+00 | +2.220e-16 | +2.857e-08 | +3.33e+00 |   0.969   |
1: +--------+-----------+------------+------------+------------+-----------+-----------+
1: |   2    | -1.69e+00 | +5.208e-02 | -0.000e+00 | +9.106e-01 | +3.87e-01 |   0.906   |
1: +--------+-----------+------------+------------+------------+-----------+-----------+
1: |   3    | -1.92e+00 | +4.883e-03 | +4.441e-16 | +8.980e-02 | +3.48e-02 |   0.969   |
1: +--------+-----------+------------+------------+------------+-----------+-----------+
1: |   4    | -2.00e+00 | +1.526e-04 | -0.000e+00 | +2.884e-03 | +1.11e-03 |   0.969   |
1: +--------+-----------+------------+------------+------------+-----------+-----------+
1: |   5    | -2.00e+00 | +4.768e-06 | +4.441e-16 | +9.023e-05 | +3.48e-05 |   0.969   |
1: +--------+-----------+------------+------------+------------+-----------+-----------+
1: |   6    | -2.00e+00 | +1.490e-07 | +2.220e-16 | +2.823e-06 | +1.09e-06 |   0.969   |
1: +--------+-----------+------------+------------+------------+-----------+-----------+
1: 
1: status:                solved
1: number of iterations:  6
1: optimal objective:     -2.000
1: solve time:            7.93e-05 sec
1: 
1: [       OK ] missing_constraints_test.lp_test_no_P (0 ms)
1: [----------] 5 tests from missing_constraints_test (1 ms total)
1: 
1: [----------] Global test environment tear-down
1: [==========] 5 tests from 1 test case ran. (1 ms total)
1: [  PASSED  ] 5 tests.
1/7 Test #1: missing_constraints_test .........   Passed    0.01 sec
test 2
    Start 2: simple_socp_test

2: Test command: /home/govind/Desktop/git/qcos/build/tests/simple_socp_test
2: Working Directory: /home/govind/Desktop/git/qcos/build/tests
2: Test timeout computed to be: 10000000
2: [==========] Running 3 tests from 1 test case.
2: [----------] Global test environment set-up.
2: [----------] 3 tests from simple_socp_test
2: [ RUN      ] simple_socp_test.p1
2: 
2: +-----------------------------------------------------------------------------------+
2: |          ..:: QCOS - Quadratic Objective Conic Optimization Solver ::..           |
2: |                            (c) Govind M. Chari, 2024                              |
2: |                 University of Washington Autonomous Controls Lab                  |
2: +--------+-----------+------------+------------+------------+-----------+-----------+
2: |  Iter  |   Pcost   |    Pres    |    Dres    |     Gap    |     Mu    |    Step   |
2: +--------+-----------+------------+------------+------------+-----------+-----------+
2: |   1    | -2.48e+00 | +2.995e+00 | +1.750e+00 | +3.085e+00 | +2.81e+00 |   0.875   |
2: +--------+-----------+------------+------------+------------+-----------+-----------+
2: |   2    | +2.32e+00 | +3.744e-01 | +2.187e-01 | +1.724e-01 | +5.52e-01 |   0.969   |
2: +--------+-----------+------------+------------+------------+-----------+-----------+
2: |   3    | +4.02e+00 | +1.170e-02 | +6.836e-03 | +3.275e-01 | +6.94e-02 |   0.969   |
2: +--------+-----------+------------+------------+------------+-----------+-----------+
2: |   4    | +4.04e+00 | +3.657e-04 | +2.136e-04 | +2.473e-02 | +4.54e-03 |   0.969   |
2: +--------+-----------+------------+------------+------------+-----------+-----------+
2: |   5    | +4.04e+00 | +1.143e-05 | +6.676e-06 | +9.802e-04 | +1.76e-04 |   0.969   |
2: +--------+-----------+------------+------------+------------+-----------+-----------+
2: |   6    | +4.04e+00 | +3.571e-07 | +2.086e-07 | +3.079e-05 | +5.53e-06 |   0.969   |
2: +--------+-----------+------------+------------+------------+-----------+-----------+
2: |   7    | +4.04e+00 | +1.116e-08 | +6.519e-09 | +9.933e-07 | +1.78e-07 |   0.969   |
2: +--------+-----------+------------+------------+------------+-----------+-----------+
2: 
2: status:                solved
2: number of iterations:  7
2: optimal objective:     +4.042
2: solve time:            2.91e-04 sec
2: 
2: [       OK ] simple_socp_test.p1 (0 ms)
2: [ RUN      ] simple_socp_test.p2
2: 
2: +-----------------------------------------------------------------------------------+
2: |          ..:: QCOS - Quadratic Objective Conic Optimization Solver ::..           |
2: |                            (c) Govind M. Chari, 2024                              |
2: |                 University of Washington Autonomous Controls Lab                  |
2: +--------+-----------+------------+------------+------------+-----------+-----------+
2: |  Iter  |   Pcost   |    Pres    |    Dres    |     Gap    |     Mu    |    Step   |
2: +--------+-----------+------------+------------+------------+-----------+-----------+
2: |   1    | -2.48e+00 | +2.995e+00 | +2.375e+00 | +3.085e+00 | +3.02e+00 |   0.875   |
2: +--------+-----------+------------+------------+------------+-----------+-----------+
2: |   2    | +2.34e+00 | +3.744e-01 | +2.969e-01 | +4.718e-01 | +5.32e-01 |   0.969   |
2: +--------+-----------+------------+------------+------------+-----------+-----------+
2: |   3    | +3.99e+00 | +1.170e-02 | +9.277e-03 | +3.271e-01 | +7.04e-02 |   0.938   |
2: +--------+-----------+------------+------------+------------+-----------+-----------+
2: |   4    | +4.04e+00 | +7.313e-04 | +5.798e-04 | +2.165e-02 | +4.44e-03 |   0.969   |
2: +--------+-----------+------------+------------+------------+-----------+-----------+
2: |   5    | +4.04e+00 | +2.285e-05 | +1.812e-05 | +7.707e-04 | +1.54e-04 |   0.969   |
2: +--------+-----------+------------+------------+------------+-----------+-----------+
2: |   6    | +4.04e+00 | +7.142e-07 | +5.662e-07 | +2.418e-05 | +4.83e-06 |   0.969   |
2: +--------+-----------+------------+------------+------------+-----------+-----------+
2: |   7    | +4.04e+00 | +2.232e-08 | +1.770e-08 | +7.753e-07 | +1.54e-07 |   0.969   |
2: +--------+-----------+------------+------------+------------+-----------+-----------+
2: 
2: status:                solved
2: number of iterations:  7
2: optimal objective:     +4.042
2: solve time:            2.71e-04 sec
2: 
2: [       OK ] simple_socp_test.p2 (1 ms)
2: [ RUN      ] simple_socp_test.p3
2: 
2: +-----------------------------------------------------------------------------------+
2: |          ..:: QCOS - Quadratic Objective Conic Optimization Solver ::..           |
2: |                            (c) Govind M. Chari, 2024                              |
2: |                 University of Washington Autonomous Controls Lab                  |
2: +--------+-----------+------------+------------+------------+-----------+-----------+
2: |  Iter  |   Pcost   |    Pres    |    Dres    |     Gap    |     Mu    |    Step   |
2: +--------+-----------+------------+------------+------------+-----------+-----------+
2: |   1    | -2.48e+00 | +2.995e+00 | +2.226e+00 | +3.085e+00 | +1.78e+00 |   0.875   |
2: +--------+-----------+------------+------------+------------+-----------+-----------+
2: |   2    | +2.64e+00 | +3.744e-01 | +2.783e-01 | +1.468e+00 | +2.49e-01 |   0.719   |
2: +--------+-----------+------------+------------+------------+-----------+-----------+
2: |   3    | +4.27e+00 | +1.053e-01 | +7.827e-02 | +6.733e-01 | +5.89e-02 |   0.562   |
2: +--------+-----------+------------+------------+------------+-----------+-----------+
2: |   4    | +4.82e+00 | +4.607e-02 | +3.424e-02 | +3.685e-01 | +2.99e-02 |   0.969   |
2: +--------+-----------+------------+------------+------------+-----------+-----------+
2: |   5    | +5.23e+00 | +1.440e-03 | +1.070e-03 | +1.226e-02 | +9.58e-04 |   0.906   |
2: +--------+-----------+------------+------------+------------+-----------+-----------+
2: |   6    | +5.24e+00 | +1.350e-04 | +1.003e-04 | +1.181e-03 | +8.63e-05 |   0.906   |
2: +--------+-----------+------------+------------+------------+-----------+-----------+
2: |   7    | +5.24e+00 | +1.265e-05 | +9.405e-06 | +1.112e-04 | +8.09e-06 |   0.969   |
2: +--------+-----------+------------+------------+------------+-----------+-----------+
2: |   8    | +5.24e+00 | +3.954e-07 | +2.939e-07 | +3.452e-06 | +2.57e-07 |   0.969   |
2: +--------+-----------+------------+------------+------------+-----------+-----------+
2: 
2: status:                solved
2: number of iterations:  8
2: optimal objective:     +5.242
2: solve time:            2.23e-04 sec
2: 
2: [       OK ] simple_socp_test.p3 (0 ms)
2: [----------] 3 tests from simple_socp_test (1 ms total)
2: 
2: [----------] Global test environment tear-down
2: [==========] 3 tests from 1 test case ran. (2 ms total)
2: [  PASSED  ] 3 tests.
2/7 Test #2: simple_socp_test .................   Passed    0.01 sec
test 3
    Start 3: cone_test

3: Test command: /home/govind/Desktop/git/qcos/build/tests/cone_test
3: Working Directory: /home/govind/Desktop/git/qcos/build/tests
3: Test timeout computed to be: 10000000
3: [==========] Running 6 tests from 1 test case.
3: [----------] Global test environment set-up.
3: [----------] 6 tests from cone
3: [ RUN      ] cone.soc_product_test
3: [       OK ] cone.soc_product_test (0 ms)
3: [ RUN      ] cone.soc_division_test
3: [       OK ] cone.soc_division_test (0 ms)
3: [ RUN      ] cone.soc_residual_test
3: [       OK ] cone.soc_residual_test (0 ms)
3: [ RUN      ] cone.soc_residual2_test
3: [       OK ] cone.soc_residual2_test (0 ms)
3: [ RUN      ] cone.cone_product_test
3: [       OK ] cone.cone_product_test (0 ms)
3: [ RUN      ] cone.cone_division_test
3: [       OK ] cone.cone_division_test (0 ms)
3: [----------] 6 tests from cone (0 ms total)
3: 
3: [----------] Global test environment tear-down
3: [==========] 6 tests from 1 test case ran. (0 ms total)
3: [  PASSED  ] 6 tests.
3/7 Test #3: cone_test ........................   Passed    0.01 sec
test 4
    Start 4: input_validation_test

4: Test command: /home/govind/Desktop/git/qcos/build/tests/input_validation_test
4: Working Directory: /home/govind/Desktop/git/qcos/build/tests
4: Test timeout computed to be: 10000000
4: [==========] Running 1 test from 1 test case.
4: [----------] Global test environment set-up.
4: [----------] 1 test from input_validation
4: [ RUN      ] input_validation.settings_validation
4: max_iter_bisection must be positive.
4: ERROR: settings validation error
4: max_iter_bisection must be positive.
4: ERROR: settings validation error
4: max_iters must be positive.
4: ERROR: settings validation error
4: max_iters must be positive.
4: ERROR: settings validation error
4: abstol must be positive.
4: ERROR: settings validation error
4: abstol must be positive.
4: ERROR: settings validation error
4: reltol must be positive.
4: ERROR: settings validation error
4: [       OK ] input_validation.settings_validation (0 ms)
4: [----------] 1 test from input_validation (0 ms total)
4: 
4: [----------] Global test environment tear-down
4: [==========] 1 test from 1 test case ran. (0 ms total)
4: [  PASSED  ] 1 test.
4/7 Test #4: input_validation_test ............   Passed    0.01 sec
test 5
    Start 5: kkt_test

5: Test command: /home/govind/Desktop/git/qcos/build/tests/kkt_test
5: Working Directory: /home/govind/Desktop/git/qcos/build/tests
5: Test timeout computed to be: 10000000
5: [==========] Running 1 test from 1 test case.
5: [----------] Global test environment set-up.
5: [----------] 1 test from kkt
5: [ RUN      ] kkt.kkt_test
5: [       OK ] kkt.kkt_test (0 ms)
5: [----------] 1 test from kkt (1 ms total)
5: 
5: [----------] Global test environment tear-down
5: [==========] 1 test from 1 test case ran. (1 ms total)
5: [  PASSED  ] 1 test.
5/7 Test #5: kkt_test .........................   Passed    0.01 sec
test 6
    Start 6: linalg_test

6: Test command: /home/govind/Desktop/git/qcos/build/tests/linalg_test
6: Working Directory: /home/govind/Desktop/git/qcos/build/tests
6: Test timeout computed to be: 10000000
6: [==========] Running 14 tests from 1 test case.
6: [----------] Global test environment set-up.
6: [----------] 14 tests from linalg
6: [ RUN      ] linalg.new_qcos_csc_matrix_test
6: [       OK ] linalg.new_qcos_csc_matrix_test (0 ms)
6: [ RUN      ] linalg.copy_arrayf_test
6: [       OK ] linalg.copy_arrayf_test (0 ms)
6: [ RUN      ] linalg.copy_and_negate_arrayf_test
6: [       OK ] linalg.copy_and_negate_arrayf_test (0 ms)
6: [ RUN      ] linalg.copy_arrayi_test
6: [       OK ] linalg.copy_arrayi_test (0 ms)
6: [ RUN      ] linalg.dot_test
6: [       OK ] linalg.dot_test (0 ms)
6: [ RUN      ] linalg.max_arrayi_test
6: [       OK ] linalg.max_arrayi_test (0 ms)
6: [ RUN      ] linalg.scale_arrayf_test
6: [       OK ] linalg.scale_arrayf_test (0 ms)
6: [ RUN      ] linalg.axpy_test
6: [       OK ] linalg.axpy_test (0 ms)
6: [ RUN      ] linalg.USpMv_test
6: [       OK ] linalg.USpMv_test (0 ms)
6: [ RUN      ] linalg.SpMv_test
6: [       OK ] linalg.SpMv_test (0 ms)
6: [ RUN      ] linalg.SpMtv_test
6: [       OK ] linalg.SpMtv_test (0 ms)
6: [ RUN      ] linalg.norm_inf_test
6: [       OK ] linalg.norm_inf_test (0 ms)
6: [ RUN      ] linalg.regularize_test1
6: [       OK ] linalg.regularize_test1 (0 ms)
6: [ RUN      ] linalg.regularize_test2
6: [       OK ] linalg.regularize_test2 (0 ms)
6: [----------] 14 tests from linalg (0 ms total)
6: 
6: [----------] Global test environment tear-down
6: [==========] 14 tests from 1 test case ran. (0 ms total)
6: [  PASSED  ] 14 tests.
6/7 Test #6: linalg_test ......................   Passed    0.01 sec
test 7
    Start 7: double_integrator_test

7: Test command: /home/govind/Desktop/git/qcos/build/tests/double_integrator_test
7: Working Directory: /home/govind/Desktop/git/qcos/build/tests
7: Test timeout computed to be: 10000000
7: [==========] Running 1 test from 1 test case.
7: [----------] Global test environment set-up.
7: [----------] 1 test from ocp_test
7: [ RUN      ] ocp_test.double_integrator
7: 
7: +-----------------------------------------------------------------------------------+
7: |          ..:: QCOS - Quadratic Objective Conic Optimization Solver ::..           |
7: |                            (c) Govind M. Chari, 2024                              |
7: |                 University of Washington Autonomous Controls Lab                  |
7: +--------+-----------+------------+------------+------------+-----------+-----------+
7: |  Iter  |   Pcost   |    Pres    |    Dres    |     Gap    |     Mu    |    Step   |
7: +--------+-----------+------------+------------+------------+-----------+-----------+
7: |   1    | -2.48e+00 | +2.995e+00 | +2.375e+00 | +3.085e+00 | +3.02e+00 |   0.875   |
7: +--------+-----------+------------+------------+------------+-----------+-----------+
7: |   2    | +2.34e+00 | +3.744e-01 | +2.969e-01 | +4.718e-01 | +5.32e-01 |   0.969   |
7: +--------+-----------+------------+------------+------------+-----------+-----------+
7: |   3    | +3.99e+00 | +1.170e-02 | +9.277e-03 | +3.271e-01 | +7.04e-02 |   0.938   |
7: +--------+-----------+------------+------------+------------+-----------+-----------+
7: |   4    | +4.04e+00 | +7.313e-04 | +5.798e-04 | +2.165e-02 | +4.44e-03 |   0.969   |
7: +--------+-----------+------------+------------+------------+-----------+-----------+
7: |   5    | +4.04e+00 | +2.285e-05 | +1.812e-05 | +7.707e-04 | +1.54e-04 |   0.969   |
7: +--------+-----------+------------+------------+------------+-----------+-----------+
7: |   6    | +4.04e+00 | +7.142e-07 | +5.662e-07 | +2.418e-05 | +4.83e-06 |   0.969   |
7: +--------+-----------+------------+------------+------------+-----------+-----------+
7: |   7    | +4.04e+00 | +2.232e-08 | +1.770e-08 | +7.753e-07 | +1.54e-07 |   0.969   |
7: +--------+-----------+------------+------------+------------+-----------+-----------+
7: 
7: status:                solved
7: number of iterations:  7
7: optimal objective:     +4.042
7: solve time:            2.70e-04 sec
7: 
7: [       OK ] ocp_test.double_integrator (1 ms)
7: [----------] 1 test from ocp_test (1 ms total)
7: 
7: [----------] Global test environment tear-down
7: [==========] 1 test from 1 test case ran. (1 ms total)
7: [  PASSED  ] 1 test.
7/7 Test #7: double_integrator_test ...........   Passed    0.01 sec

100% tests passed, 0 tests failed out of 7

Total Test time (real) =   0.07 sec
